[23:10:02] [Server thread/INFO]: Starting minecraft server version 1.14.4
[23:10:02] [Server thread/INFO]: Loading properties
[23:10:02] [Server console handler/ERROR]: Exception handling console input
java.io.IOException: Controlador no válido
	at java.io.FileInputStream.readBytes(Native Method) ~[?:1.8.0_251]
	at java.io.FileInputStream.read(Unknown Source) ~[?:1.8.0_251]
	at java.io.BufferedInputStream.fill(Unknown Source) ~[?:1.8.0_251]
	at java.io.BufferedInputStream.read(Unknown Source) ~[?:1.8.0_251]
	at org.bukkit.craftbukkit.libs.jline.internal.NonBlockingInputStream.read(NonBlockingInputStream.java:248) ~[spigot-1.14.4.jar:git-Spigot-9de398a-9c887d4]
	at org.bukkit.craftbukkit.libs.jline.internal.InputStreamReader.read(InputStreamReader.java:261) ~[spigot-1.14.4.jar:git-Spigot-9de398a-9c887d4]
	at org.bukkit.craftbukkit.libs.jline.internal.InputStreamReader.read(InputStreamReader.java:198) ~[spigot-1.14.4.jar:git-Spigot-9de398a-9c887d4]
	at org.bukkit.craftbukkit.libs.jline.console.ConsoleReader.readCharacter(ConsoleReader.java:2145) ~[spigot-1.14.4.jar:git-Spigot-9de398a-9c887d4]
	at org.bukkit.craftbukkit.libs.jline.console.ConsoleReader.readLineSimple(ConsoleReader.java:3183) ~[spigot-1.14.4.jar:git-Spigot-9de398a-9c887d4]
	at org.bukkit.craftbukkit.libs.jline.console.ConsoleReader.readLine(ConsoleReader.java:2333) ~[spigot-1.14.4.jar:git-Spigot-9de398a-9c887d4]
	at org.bukkit.craftbukkit.libs.jline.console.ConsoleReader.readLine(ConsoleReader.java:2269) ~[spigot-1.14.4.jar:git-Spigot-9de398a-9c887d4]
	at org.bukkit.craftbukkit.libs.jline.console.ConsoleReader.readLine(ConsoleReader.java:2257) ~[spigot-1.14.4.jar:git-Spigot-9de398a-9c887d4]
	at net.minecraft.server.v1_14_R1.DedicatedServer$2.run(DedicatedServer.java:97) [spigot-1.14.4.jar:git-Spigot-9de398a-9c887d4]
[23:10:03] [Server thread/INFO]: This server is running CraftBukkit version git-Spigot-9de398a-9c887d4 (MC: 1.14.4) (Implementing API version 1.14.4-R0.1-SNAPSHOT)
[23:10:03] [Server thread/INFO]: Debug logging is disabled
[23:10:03] [Server thread/INFO]: Using 4 threads for Netty based IO
[23:10:03] [Server thread/INFO]: Server Ping Player Sample Count: 12
[23:10:03] [Server thread/INFO]: Default game type: SURVIVAL
[23:10:03] [Server thread/INFO]: Generating keypair
[23:10:03] [Server thread/INFO]: Starting Minecraft server on 192.168.0.01:25565
[23:10:04] [Server thread/INFO]: Using default channel type
[23:10:04] [Server thread/WARN]: **** FAILED TO BIND TO PORT!
[23:10:04] [Server thread/WARN]: The exception was: java.net.BindException: Cannot assign requested address: bind
[23:10:04] [Server thread/WARN]: Perhaps a server is already running on that port?
[23:10:04] [Server thread/INFO]: Stopping server
[23:10:04] [Server thread/INFO]: Saving players
[23:10:04] [Server thread/INFO]: Saving worlds
[23:10:15] [Server thread/INFO]: Starting minecraft server version 1.14.4
[23:10:15] [Server thread/INFO]: Loading properties
[23:10:15] [Server console handler/ERROR]: Exception handling console input
java.io.IOException: Controlador no válido
	at java.io.FileInputStream.readBytes(Native Method) ~[?:1.8.0_251]
	at java.io.FileInputStream.read(Unknown Source) ~[?:1.8.0_251]
	at java.io.BufferedInputStream.fill(Unknown Source) ~[?:1.8.0_251]
	at java.io.BufferedInputStream.read(Unknown Source) ~[?:1.8.0_251]
	at org.bukkit.craftbukkit.libs.jline.internal.NonBlockingInputStream.read(NonBlockingInputStream.java:248) ~[spigot-1.14.4.jar:git-Spigot-9de398a-9c887d4]
	at org.bukkit.craftbukkit.libs.jline.internal.InputStreamReader.read(InputStreamReader.java:261) ~[spigot-1.14.4.jar:git-Spigot-9de398a-9c887d4]
	at org.bukkit.craftbukkit.libs.jline.internal.InputStreamReader.read(InputStreamReader.java:198) ~[spigot-1.14.4.jar:git-Spigot-9de398a-9c887d4]
	at org.bukkit.craftbukkit.libs.jline.console.ConsoleReader.readCharacter(ConsoleReader.java:2145) ~[spigot-1.14.4.jar:git-Spigot-9de398a-9c887d4]
	at org.bukkit.craftbukkit.libs.jline.console.ConsoleReader.readLineSimple(ConsoleReader.java:3183) ~[spigot-1.14.4.jar:git-Spigot-9de398a-9c887d4]
	at org.bukkit.craftbukkit.libs.jline.console.ConsoleReader.readLine(ConsoleReader.java:2333) ~[spigot-1.14.4.jar:git-Spigot-9de398a-9c887d4]
	at org.bukkit.craftbukkit.libs.jline.console.ConsoleReader.readLine(ConsoleReader.java:2269) ~[spigot-1.14.4.jar:git-Spigot-9de398a-9c887d4]
	at org.bukkit.craftbukkit.libs.jline.console.ConsoleReader.readLine(ConsoleReader.java:2257) ~[spigot-1.14.4.jar:git-Spigot-9de398a-9c887d4]
	at net.minecraft.server.v1_14_R1.DedicatedServer$2.run(DedicatedServer.java:97) [spigot-1.14.4.jar:git-Spigot-9de398a-9c887d4]
[23:10:16] [Server thread/INFO]: This server is running CraftBukkit version git-Spigot-9de398a-9c887d4 (MC: 1.14.4) (Implementing API version 1.14.4-R0.1-SNAPSHOT)
[23:10:16] [Server thread/INFO]: Debug logging is disabled
[23:10:16] [Server thread/INFO]: Server Ping Player Sample Count: 12
[23:10:16] [Server thread/INFO]: Using 4 threads for Netty based IO
[23:10:16] [Server thread/INFO]: Default game type: SURVIVAL
[23:10:16] [Server thread/INFO]: Generating keypair
[23:10:16] [Server thread/INFO]: Starting Minecraft server on 192.168.0.01:25565
[23:10:16] [Server thread/INFO]: Using default channel type
[23:10:17] [Server thread/WARN]: **** FAILED TO BIND TO PORT!
[23:10:17] [Server thread/WARN]: The exception was: java.net.BindException: Cannot assign requested address: bind
[23:10:17] [Server thread/WARN]: Perhaps a server is already running on that port?
[23:10:17] [Server thread/INFO]: Stopping server
[23:10:17] [Server thread/INFO]: Saving players
[23:10:17] [Server thread/INFO]: Saving worlds
[23:10:33] [Server thread/INFO]: Starting minecraft server version 1.14.4
[23:10:33] [Server thread/INFO]: Loading properties
[23:10:33] [Server console handler/ERROR]: Exception handling console input
java.io.IOException: Controlador no válido
	at java.io.FileInputStream.readBytes(Native Method) ~[?:1.8.0_251]
	at java.io.FileInputStream.read(Unknown Source) ~[?:1.8.0_251]
	at java.io.BufferedInputStream.fill(Unknown Source) ~[?:1.8.0_251]
	at java.io.BufferedInputStream.read(Unknown Source) ~[?:1.8.0_251]
	at org.bukkit.craftbukkit.libs.jline.internal.NonBlockingInputStream.read(NonBlockingInputStream.java:248) ~[spigot-1.14.4.jar:git-Spigot-9de398a-9c887d4]
	at org.bukkit.craftbukkit.libs.jline.internal.InputStreamReader.read(InputStreamReader.java:261) ~[spigot-1.14.4.jar:git-Spigot-9de398a-9c887d4]
	at org.bukkit.craftbukkit.libs.jline.internal.InputStreamReader.read(InputStreamReader.java:198) ~[spigot-1.14.4.jar:git-Spigot-9de398a-9c887d4]
	at org.bukkit.craftbukkit.libs.jline.console.ConsoleReader.readCharacter(ConsoleReader.java:2145) ~[spigot-1.14.4.jar:git-Spigot-9de398a-9c887d4]
	at org.bukkit.craftbukkit.libs.jline.console.ConsoleReader.readLineSimple(ConsoleReader.java:3183) ~[spigot-1.14.4.jar:git-Spigot-9de398a-9c887d4]
	at org.bukkit.craftbukkit.libs.jline.console.ConsoleReader.readLine(ConsoleReader.java:2333) ~[spigot-1.14.4.jar:git-Spigot-9de398a-9c887d4]
	at org.bukkit.craftbukkit.libs.jline.console.ConsoleReader.readLine(ConsoleReader.java:2269) ~[spigot-1.14.4.jar:git-Spigot-9de398a-9c887d4]
	at org.bukkit.craftbukkit.libs.jline.console.ConsoleReader.readLine(ConsoleReader.java:2257) ~[spigot-1.14.4.jar:git-Spigot-9de398a-9c887d4]
	at net.minecraft.server.v1_14_R1.DedicatedServer$2.run(DedicatedServer.java:97) [spigot-1.14.4.jar:git-Spigot-9de398a-9c887d4]
[23:10:33] [Server thread/INFO]: This server is running CraftBukkit version git-Spigot-9de398a-9c887d4 (MC: 1.14.4) (Implementing API version 1.14.4-R0.1-SNAPSHOT)
[23:10:34] [Server thread/INFO]: Debug logging is disabled
[23:10:34] [Server thread/INFO]: Using 4 threads for Netty based IO
[23:10:34] [Server thread/INFO]: Server Ping Player Sample Count: 12
[23:10:34] [Server thread/INFO]: Default game type: SURVIVAL
[23:10:34] [Server thread/INFO]: Generating keypair
[23:10:34] [Server thread/INFO]: Starting Minecraft server on 192.168.0.01:25565
[23:10:34] [Server thread/INFO]: Using default channel type
[23:10:34] [Server thread/WARN]: **** FAILED TO BIND TO PORT!
[23:10:34] [Server thread/WARN]: The exception was: java.net.BindException: Cannot assign requested address: bind
[23:10:34] [Server thread/WARN]: Perhaps a server is already running on that port?
[23:10:34] [Server thread/INFO]: Stopping server
[23:10:34] [Server thread/INFO]: Saving players
[23:10:35] [Server thread/INFO]: Saving worlds
[23:10:41] [Server thread/INFO]: Starting minecraft server version 1.14.4
[23:10:41] [Server thread/INFO]: Loading properties
[23:10:41] [Server thread/INFO]: This server is running CraftBukkit version git-Spigot-9de398a-9c887d4 (MC: 1.14.4) (Implementing API version 1.14.4-R0.1-SNAPSHOT)
[23:10:41] [Server thread/INFO]: Debug logging is disabled
[23:10:41] [Server thread/INFO]: Server Ping Player Sample Count: 12
[23:10:41] [Server thread/INFO]: Using 4 threads for Netty based IO
[23:10:41] [Server thread/INFO]: Default game type: SURVIVAL
[23:10:41] [Server thread/INFO]: Generating keypair
[23:10:41] [Server thread/INFO]: Starting Minecraft server on 192.168.0.01:25565
[23:10:41] [Server thread/INFO]: Using default channel type
[23:10:42] [Server thread/WARN]: **** FAILED TO BIND TO PORT!
[23:10:42] [Server thread/WARN]: The exception was: java.net.BindException: Cannot assign requested address: bind
[23:10:42] [Server thread/WARN]: Perhaps a server is already running on that port?
[23:10:42] [Server thread/INFO]: Stopping server
[23:10:42] [Server thread/INFO]: Saving players
[23:10:42] [Server thread/INFO]: Saving worlds
