[23:08:41] [Server thread/INFO]: Starting minecraft server version 1.14.4
[23:08:41] [Server thread/INFO]: Loading properties
[23:08:41] [Server console handler/ERROR]: Exception handling console input
java.io.IOException: Controlador no válido
	at java.io.FileInputStream.readBytes(Native Method) ~[?:1.8.0_251]
	at java.io.FileInputStream.read(Unknown Source) ~[?:1.8.0_251]
	at java.io.BufferedInputStream.fill(Unknown Source) ~[?:1.8.0_251]
	at java.io.BufferedInputStream.read(Unknown Source) ~[?:1.8.0_251]
	at org.bukkit.craftbukkit.libs.jline.internal.NonBlockingInputStream.read(NonBlockingInputStream.java:248) ~[spigot-1.14.4.jar:git-Spigot-9de398a-9c887d4]
	at org.bukkit.craftbukkit.libs.jline.internal.InputStreamReader.read(InputStreamReader.java:261) ~[spigot-1.14.4.jar:git-Spigot-9de398a-9c887d4]
	at org.bukkit.craftbukkit.libs.jline.internal.InputStreamReader.read(InputStreamReader.java:198) ~[spigot-1.14.4.jar:git-Spigot-9de398a-9c887d4]
	at org.bukkit.craftbukkit.libs.jline.console.ConsoleReader.readCharacter(ConsoleReader.java:2145) ~[spigot-1.14.4.jar:git-Spigot-9de398a-9c887d4]
	at org.bukkit.craftbukkit.libs.jline.console.ConsoleReader.readLineSimple(ConsoleReader.java:3183) ~[spigot-1.14.4.jar:git-Spigot-9de398a-9c887d4]
	at org.bukkit.craftbukkit.libs.jline.console.ConsoleReader.readLine(ConsoleReader.java:2333) ~[spigot-1.14.4.jar:git-Spigot-9de398a-9c887d4]
	at org.bukkit.craftbukkit.libs.jline.console.ConsoleReader.readLine(ConsoleReader.java:2269) ~[spigot-1.14.4.jar:git-Spigot-9de398a-9c887d4]
	at org.bukkit.craftbukkit.libs.jline.console.ConsoleReader.readLine(ConsoleReader.java:2257) ~[spigot-1.14.4.jar:git-Spigot-9de398a-9c887d4]
	at net.minecraft.server.v1_14_R1.DedicatedServer$2.run(DedicatedServer.java:97) [spigot-1.14.4.jar:git-Spigot-9de398a-9c887d4]
[23:08:41] [Server thread/INFO]: This server is running CraftBukkit version git-Spigot-9de398a-9c887d4 (MC: 1.14.4) (Implementing API version 1.14.4-R0.1-SNAPSHOT)
[23:08:41] [Server thread/INFO]: Debug logging is disabled
[23:08:41] [Server thread/INFO]: Using 4 threads for Netty based IO
[23:08:41] [Server thread/INFO]: Server Ping Player Sample Count: 12
[23:08:41] [Server thread/INFO]: Default game type: SURVIVAL
[23:08:41] [Server thread/INFO]: Generating keypair
[23:08:41] [Server thread/INFO]: Starting Minecraft server on 192.168.0.16:25565
[23:08:42] [Server thread/INFO]: Using default channel type
[23:08:42] [Server thread/WARN]: **** SERVER IS RUNNING IN OFFLINE/INSECURE MODE!
[23:08:42] [Server thread/WARN]: The server will make no attempt to authenticate usernames. Beware.
[23:08:42] [Server thread/WARN]: While this makes the game possible to play without internet access, it also opens up the ability for hackers to connect with any username they choose.
[23:08:42] [Server thread/WARN]: To change this, set "online-mode" to "true" in the server.properties file.
[23:08:42] [Server thread/INFO]: Preparing level "world"
[23:08:42] [Server thread/INFO]: Reloading ResourceManager: Default, bukkit
[23:08:43] [Server thread/INFO]: Loaded 6 recipes
[23:08:43] [Server thread/INFO]: -------- World Settings For [world] --------
[23:08:43] [Server thread/INFO]: View Distance: 10
[23:08:43] [Server thread/INFO]: Allow Zombie Pigmen to spawn from portal blocks: true
[23:08:43] [Server thread/INFO]: Arrow Despawn Rate: 1200
[23:08:43] [Server thread/INFO]: Item Despawn Rate: 6000
[23:08:43] [Server thread/INFO]: Item Merge Radius: 2.5
[23:08:43] [Server thread/INFO]: Zombie Aggressive Towards Villager: true
[23:08:43] [Server thread/INFO]: Nerfing mobs spawned from spawners: false
[23:08:43] [Server thread/INFO]: Experience Merge Radius: 3.0
[23:08:43] [Server thread/INFO]: Mob Spawn Range: 6
[23:08:43] [Server thread/INFO]: Cactus Growth Modifier: 100%
[23:08:43] [Server thread/INFO]: Cane Growth Modifier: 100%
[23:08:43] [Server thread/INFO]: Melon Growth Modifier: 100%
[23:08:43] [Server thread/INFO]: Mushroom Growth Modifier: 100%
[23:08:43] [Server thread/INFO]: Pumpkin Growth Modifier: 100%
[23:08:43] [Server thread/INFO]: Sapling Growth Modifier: 100%
[23:08:43] [Server thread/INFO]: Beetroot Growth Modifier: 100%
[23:08:43] [Server thread/INFO]: Carrot Growth Modifier: 100%
[23:08:43] [Server thread/INFO]: Potato Growth Modifier: 100%
[23:08:43] [Server thread/INFO]: Wheat Growth Modifier: 100%
[23:08:43] [Server thread/INFO]: NetherWart Growth Modifier: 100%
[23:08:43] [Server thread/INFO]: Vine Growth Modifier: 100%
[23:08:43] [Server thread/INFO]: Cocoa Growth Modifier: 100%
[23:08:43] [Server thread/INFO]: Bamboo Growth Modifier: 100%
[23:08:43] [Server thread/INFO]: SweetBerry Growth Modifier: 100%
[23:08:43] [Server thread/INFO]: Kelp Growth Modifier: 100%
[23:08:43] [Server thread/INFO]: Entity Tracking Range: Pl 48 / An 48 / Mo 48 / Mi 32 / Other 64
[23:08:43] [Server thread/INFO]: Max TNT Explosions: 100
[23:08:43] [Server thread/INFO]: Tile Max Tick Time: 50ms Entity max Tick Time: 50ms
[23:08:43] [Server thread/INFO]: Entity Activation Range: An 32 / Mo 32 / Ra 48 / Mi 16 / Tiv true
[23:08:43] [Server thread/INFO]: Hopper Transfer: 8 Hopper Check: 1 Hopper Amount: 1
[23:08:43] [Server thread/INFO]: Custom Map Seeds:  Village: 10387312 Desert: 14357617 Igloo: 14357618 Jungle: 14357619 Swamp: 14357620 Monument: 10387313Ocean: 14357621 Shipwreck: 165745295 Slime: 987234911
[23:08:44] [Server thread/INFO]: -------- World Settings For [world_nether] --------
[23:08:44] [Server thread/INFO]: View Distance: 10
[23:08:44] [Server thread/INFO]: Allow Zombie Pigmen to spawn from portal blocks: true
[23:08:44] [Server thread/INFO]: Arrow Despawn Rate: 1200
[23:08:44] [Server thread/INFO]: Item Despawn Rate: 6000
[23:08:44] [Server thread/INFO]: Item Merge Radius: 2.5
[23:08:44] [Server thread/INFO]: Zombie Aggressive Towards Villager: true
[23:08:44] [Server thread/INFO]: Nerfing mobs spawned from spawners: false
[23:08:44] [Server thread/INFO]: Experience Merge Radius: 3.0
[23:08:44] [Server thread/INFO]: Mob Spawn Range: 6
[23:08:44] [Server thread/INFO]: Cactus Growth Modifier: 100%
[23:08:44] [Server thread/INFO]: Cane Growth Modifier: 100%
[23:08:44] [Server thread/INFO]: Melon Growth Modifier: 100%
[23:08:44] [Server thread/INFO]: Mushroom Growth Modifier: 100%
[23:08:44] [Server thread/INFO]: Pumpkin Growth Modifier: 100%
[23:08:44] [Server thread/INFO]: Sapling Growth Modifier: 100%
[23:08:44] [Server thread/INFO]: Beetroot Growth Modifier: 100%
[23:08:44] [Server thread/INFO]: Carrot Growth Modifier: 100%
[23:08:44] [Server thread/INFO]: Potato Growth Modifier: 100%
[23:08:44] [Server thread/INFO]: Wheat Growth Modifier: 100%
[23:08:44] [Server thread/INFO]: NetherWart Growth Modifier: 100%
[23:08:44] [Server thread/INFO]: Vine Growth Modifier: 100%
[23:08:44] [Server thread/INFO]: Cocoa Growth Modifier: 100%
[23:08:44] [Server thread/INFO]: Bamboo Growth Modifier: 100%
[23:08:44] [Server thread/INFO]: SweetBerry Growth Modifier: 100%
[23:08:44] [Server thread/INFO]: Kelp Growth Modifier: 100%
[23:08:44] [Server thread/INFO]: Entity Tracking Range: Pl 48 / An 48 / Mo 48 / Mi 32 / Other 64
[23:08:44] [Server thread/INFO]: Max TNT Explosions: 100
[23:08:44] [Server thread/INFO]: Tile Max Tick Time: 50ms Entity max Tick Time: 50ms
[23:08:44] [Server thread/INFO]: Entity Activation Range: An 32 / Mo 32 / Ra 48 / Mi 16 / Tiv true
[23:08:44] [Server thread/INFO]: Hopper Transfer: 8 Hopper Check: 1 Hopper Amount: 1
[23:08:44] [Server thread/INFO]: Custom Map Seeds:  Village: 10387312 Desert: 14357617 Igloo: 14357618 Jungle: 14357619 Swamp: 14357620 Monument: 10387313Ocean: 14357621 Shipwreck: 165745295 Slime: 987234911
[23:08:44] [Server thread/INFO]: -------- World Settings For [world_the_end] --------
[23:08:44] [Server thread/INFO]: View Distance: 10
[23:08:44] [Server thread/INFO]: Allow Zombie Pigmen to spawn from portal blocks: true
[23:08:44] [Server thread/INFO]: Arrow Despawn Rate: 1200
[23:08:44] [Server thread/INFO]: Item Despawn Rate: 6000
[23:08:44] [Server thread/INFO]: Item Merge Radius: 2.5
[23:08:44] [Server thread/INFO]: Zombie Aggressive Towards Villager: true
[23:08:44] [Server thread/INFO]: Nerfing mobs spawned from spawners: false
[23:08:44] [Server thread/INFO]: Experience Merge Radius: 3.0
[23:08:44] [Server thread/INFO]: Mob Spawn Range: 6
[23:08:44] [Server thread/INFO]: Cactus Growth Modifier: 100%
[23:08:44] [Server thread/INFO]: Cane Growth Modifier: 100%
[23:08:44] [Server thread/INFO]: Melon Growth Modifier: 100%
[23:08:44] [Server thread/INFO]: Mushroom Growth Modifier: 100%
[23:08:44] [Server thread/INFO]: Pumpkin Growth Modifier: 100%
[23:08:44] [Server thread/INFO]: Sapling Growth Modifier: 100%
[23:08:44] [Server thread/INFO]: Beetroot Growth Modifier: 100%
[23:08:44] [Server thread/INFO]: Carrot Growth Modifier: 100%
[23:08:44] [Server thread/INFO]: Potato Growth Modifier: 100%
[23:08:44] [Server thread/INFO]: Wheat Growth Modifier: 100%
[23:08:44] [Server thread/INFO]: NetherWart Growth Modifier: 100%
[23:08:44] [Server thread/INFO]: Vine Growth Modifier: 100%
[23:08:44] [Server thread/INFO]: Cocoa Growth Modifier: 100%
[23:08:44] [Server thread/INFO]: Bamboo Growth Modifier: 100%
[23:08:44] [Server thread/INFO]: SweetBerry Growth Modifier: 100%
[23:08:44] [Server thread/INFO]: Kelp Growth Modifier: 100%
[23:08:44] [Server thread/INFO]: Entity Tracking Range: Pl 48 / An 48 / Mo 48 / Mi 32 / Other 64
[23:08:44] [Server thread/INFO]: Max TNT Explosions: 100
[23:08:44] [Server thread/INFO]: Tile Max Tick Time: 50ms Entity max Tick Time: 50ms
[23:08:44] [Server thread/INFO]: Entity Activation Range: An 32 / Mo 32 / Ra 48 / Mi 16 / Tiv true
[23:08:44] [Server thread/INFO]: Hopper Transfer: 8 Hopper Check: 1 Hopper Amount: 1
[23:08:44] [Server thread/INFO]: Custom Map Seeds:  Village: 10387312 Desert: 14357617 Igloo: 14357618 Jungle: 14357619 Swamp: 14357620 Monument: 10387313Ocean: 14357621 Shipwreck: 165745295 Slime: 987234911
[23:08:44] [Server thread/INFO]: Preparing start region for dimension 'world'/minecraft:overworld
[23:08:46] [Server thread/INFO]: Preparing spawn area: 0%
[23:08:46] [Server thread/INFO]: Preparing spawn area: 0%
[23:08:46] [Server thread/INFO]: Preparing spawn area: 0%
[23:08:46] [Server thread/INFO]: Preparing spawn area: 0%
[23:08:46] [Server thread/INFO]: Preparing spawn area: 0%
[23:08:46] [Server thread/INFO]: Preparing spawn area: 0%
[23:08:50] [Server-Worker-2/INFO]: Preparing spawn area: 0%
[23:08:50] [Server-Worker-2/INFO]: Preparing spawn area: 0%
[23:08:50] [Server-Worker-2/INFO]: Preparing spawn area: 0%
[23:08:50] [Server-Worker-2/INFO]: Preparing spawn area: 0%
[23:08:50] [Server-Worker-2/INFO]: Preparing spawn area: 0%
[23:08:50] [Server-Worker-2/INFO]: Preparing spawn area: 0%
[23:08:50] [Server-Worker-2/INFO]: Preparing spawn area: 0%
[23:08:50] [Server thread/INFO]: Preparing spawn area: 0%
[23:08:53] [Server-Worker-1/INFO]: Preparing spawn area: 83%
[23:08:53] [Server-Worker-1/INFO]: Preparing spawn area: 83%
[23:08:53] [Server-Worker-1/INFO]: Preparing spawn area: 83%
[23:08:53] [Server-Worker-1/INFO]: Preparing spawn area: 83%
[23:08:53] [Server-Worker-3/INFO]: Preparing spawn area: 83%
[23:08:53] [Server-Worker-2/INFO]: Preparing spawn area: 83%
[23:08:54] [Server-Worker-1/INFO]: Preparing spawn area: 83%
[23:08:54] [Server-Worker-3/INFO]: Preparing spawn area: 83%
[23:08:55] [Server-Worker-2/INFO]: Preparing spawn area: 86%
[23:08:55] [Server-Worker-2/INFO]: Preparing spawn area: 91%
[23:08:56] [Server thread/INFO]: Time elapsed: 12005 ms
[23:08:56] [Server thread/INFO]: Preparing start region for dimension 'world_nether'/minecraft:the_nether
[23:08:57] [Server thread/INFO]: Preparing spawn area: 0%
[23:08:57] [Server thread/INFO]: Preparing spawn area: 0%
[23:08:57] [Server thread/INFO]: Preparing spawn area: 0%
[23:08:57] [Server thread/INFO]: Preparing spawn area: 0%
[23:08:58] [Server-Worker-2/INFO]: Preparing spawn area: 83%
[23:08:58] [Server-Worker-1/INFO]: Preparing spawn area: 83%
[23:08:59] [Server-Worker-2/INFO]: Preparing spawn area: 84%
[23:08:59] [Server thread/INFO]: Time elapsed: 3494 ms
[23:08:59] [Server thread/INFO]: Preparing start region for dimension 'world_the_end'/minecraft:the_end
[23:09:00] [Server thread/INFO]: Preparing spawn area: 0%
[23:09:00] [Server thread/INFO]: Preparing spawn area: 0%
[23:09:00] [Server-Worker-1/INFO]: Preparing spawn area: 83%
[23:09:01] [Server-Worker-2/INFO]: Preparing spawn area: 99%
[23:09:01] [Server thread/INFO]: Time elapsed: 1509 ms
[23:09:01] [Server thread/INFO]: Server permissions file permissions.yml is empty, ignoring it
[23:09:01] [Server thread/INFO]: Done (18.881s)! For help, type "help"
[23:09:14] [Server thread/INFO]: Starting minecraft server version 1.14.4
[23:09:14] [Server thread/INFO]: Loading properties
[23:09:14] [Server thread/INFO]: This server is running CraftBukkit version git-Spigot-9de398a-9c887d4 (MC: 1.14.4) (Implementing API version 1.14.4-R0.1-SNAPSHOT)
[23:09:15] [Server thread/INFO]: Debug logging is disabled
[23:09:15] [Server thread/INFO]: Server Ping Player Sample Count: 12
[23:09:15] [Server thread/INFO]: Using 4 threads for Netty based IO
[23:09:15] [Server thread/INFO]: Default game type: SURVIVAL
[23:09:15] [Server thread/INFO]: Generating keypair
[23:09:15] [Server thread/INFO]: Starting Minecraft server on 192.168.0.16:25565
[23:09:15] [Server thread/INFO]: Using default channel type
[23:09:16] [Server thread/WARN]: **** FAILED TO BIND TO PORT!
[23:09:16] [Server thread/WARN]: The exception was: java.net.BindException: Address already in use: bind
[23:09:16] [Server thread/WARN]: Perhaps a server is already running on that port?
[23:09:16] [Server thread/INFO]: Stopping server
[23:09:16] [Server thread/INFO]: Saving players
[23:09:16] [Server thread/INFO]: Saving worlds
