[22:35:35] [Server thread/INFO]: Starting minecraft server version 1.14.4
[22:35:35] [Server thread/INFO]: Loading properties
[22:35:35] [Server console handler/ERROR]: Exception handling console input
java.io.IOException: Controlador no válido
	at java.io.FileInputStream.readBytes(Native Method) ~[?:1.8.0_231]
	at java.io.FileInputStream.read(Unknown Source) ~[?:1.8.0_231]
	at java.io.BufferedInputStream.fill(Unknown Source) ~[?:1.8.0_231]
	at java.io.BufferedInputStream.read(Unknown Source) ~[?:1.8.0_231]
	at org.bukkit.craftbukkit.libs.jline.internal.NonBlockingInputStream.read(NonBlockingInputStream.java:248) ~[spigot-1.14.4.jar:git-Spigot-9de398a-9c887d4]
	at org.bukkit.craftbukkit.libs.jline.internal.InputStreamReader.read(InputStreamReader.java:261) ~[spigot-1.14.4.jar:git-Spigot-9de398a-9c887d4]
	at org.bukkit.craftbukkit.libs.jline.internal.InputStreamReader.read(InputStreamReader.java:198) ~[spigot-1.14.4.jar:git-Spigot-9de398a-9c887d4]
	at org.bukkit.craftbukkit.libs.jline.console.ConsoleReader.readCharacter(ConsoleReader.java:2145) ~[spigot-1.14.4.jar:git-Spigot-9de398a-9c887d4]
	at org.bukkit.craftbukkit.libs.jline.console.ConsoleReader.readLineSimple(ConsoleReader.java:3183) ~[spigot-1.14.4.jar:git-Spigot-9de398a-9c887d4]
	at org.bukkit.craftbukkit.libs.jline.console.ConsoleReader.readLine(ConsoleReader.java:2333) ~[spigot-1.14.4.jar:git-Spigot-9de398a-9c887d4]
	at org.bukkit.craftbukkit.libs.jline.console.ConsoleReader.readLine(ConsoleReader.java:2269) ~[spigot-1.14.4.jar:git-Spigot-9de398a-9c887d4]
	at org.bukkit.craftbukkit.libs.jline.console.ConsoleReader.readLine(ConsoleReader.java:2257) ~[spigot-1.14.4.jar:git-Spigot-9de398a-9c887d4]
	at net.minecraft.server.v1_14_R1.DedicatedServer$2.run(DedicatedServer.java:97) [spigot-1.14.4.jar:git-Spigot-9de398a-9c887d4]
[22:35:35] [Server thread/INFO]: This server is running CraftBukkit version git-Spigot-9de398a-9c887d4 (MC: 1.14.4) (Implementing API version 1.14.4-R0.1-SNAPSHOT)
[22:35:35] [Server thread/INFO]: Debug logging is disabled
[22:35:35] [Server thread/INFO]: Using 4 threads for Netty based IO
[22:35:35] [Server thread/INFO]: Server Ping Player Sample Count: 12
[22:35:36] [Server thread/INFO]: Default game type: SURVIVAL
[22:35:36] [Server thread/INFO]: Generating keypair
[22:35:36] [Server thread/INFO]: Starting Minecraft server on *:25565
[22:35:36] [Server thread/INFO]: Using default channel type
[22:35:36] [Server thread/INFO]: Preparing level "world"
[22:35:36] [Server thread/INFO]: Found new data pack file/bukkit, loading it automatically
[22:35:36] [Server thread/INFO]: Found new data pack vanilla, loading it automatically
[22:35:36] [Server thread/INFO]: Reloading ResourceManager: Default, bukkit
[22:35:37] [Server thread/INFO]: Loaded 6 recipes
[22:35:38] [Server thread/INFO]: -------- World Settings For [world] --------
[22:35:38] [Server thread/INFO]: View Distance: 10
[22:35:38] [Server thread/INFO]: Nerfing mobs spawned from spawners: false
[22:35:38] [Server thread/INFO]: Allow Zombie Pigmen to spawn from portal blocks: true
[22:35:38] [Server thread/INFO]: Zombie Aggressive Towards Villager: true
[22:35:38] [Server thread/INFO]: Item Merge Radius: 2.5
[22:35:38] [Server thread/INFO]: Item Despawn Rate: 6000
[22:35:38] [Server thread/INFO]: Arrow Despawn Rate: 1200
[22:35:38] [Server thread/INFO]: Custom Map Seeds:  Village: 10387312 Desert: 14357617 Igloo: 14357618 Jungle: 14357619 Swamp: 14357620 Monument: 10387313Ocean: 14357621 Shipwreck: 165745295 Slime: 987234911
[22:35:38] [Server thread/INFO]: Experience Merge Radius: 3.0
[22:35:38] [Server thread/INFO]: Entity Activation Range: An 32 / Mo 32 / Ra 48 / Mi 16 / Tiv true
[22:35:38] [Server thread/INFO]: Cactus Growth Modifier: 100%
[22:35:38] [Server thread/INFO]: Cane Growth Modifier: 100%
[22:35:38] [Server thread/INFO]: Melon Growth Modifier: 100%
[22:35:38] [Server thread/INFO]: Mushroom Growth Modifier: 100%
[22:35:38] [Server thread/INFO]: Pumpkin Growth Modifier: 100%
[22:35:38] [Server thread/INFO]: Sapling Growth Modifier: 100%
[22:35:38] [Server thread/INFO]: Beetroot Growth Modifier: 100%
[22:35:38] [Server thread/INFO]: Carrot Growth Modifier: 100%
[22:35:38] [Server thread/INFO]: Potato Growth Modifier: 100%
[22:35:38] [Server thread/INFO]: Wheat Growth Modifier: 100%
[22:35:38] [Server thread/INFO]: NetherWart Growth Modifier: 100%
[22:35:38] [Server thread/INFO]: Vine Growth Modifier: 100%
[22:35:38] [Server thread/INFO]: Cocoa Growth Modifier: 100%
[22:35:38] [Server thread/INFO]: Bamboo Growth Modifier: 100%
[22:35:38] [Server thread/INFO]: SweetBerry Growth Modifier: 100%
[22:35:38] [Server thread/INFO]: Kelp Growth Modifier: 100%
[22:35:38] [Server thread/INFO]: Entity Tracking Range: Pl 48 / An 48 / Mo 48 / Mi 32 / Other 64
[22:35:38] [Server thread/INFO]: Hopper Transfer: 8 Hopper Check: 1 Hopper Amount: 1
[22:35:38] [Server thread/INFO]: Mob Spawn Range: 6
[22:35:38] [Server thread/INFO]: Max TNT Explosions: 100
[22:35:38] [Server thread/INFO]: Tile Max Tick Time: 50ms Entity max Tick Time: 50ms
[22:35:47] [Server thread/INFO]: -------- World Settings For [world_nether] --------
[22:35:47] [Server thread/INFO]: View Distance: 10
[22:35:47] [Server thread/INFO]: Nerfing mobs spawned from spawners: false
[22:35:47] [Server thread/INFO]: Allow Zombie Pigmen to spawn from portal blocks: true
[22:35:47] [Server thread/INFO]: Zombie Aggressive Towards Villager: true
[22:35:47] [Server thread/INFO]: Item Merge Radius: 2.5
[22:35:47] [Server thread/INFO]: Item Despawn Rate: 6000
[22:35:47] [Server thread/INFO]: Arrow Despawn Rate: 1200
[22:35:47] [Server thread/INFO]: Custom Map Seeds:  Village: 10387312 Desert: 14357617 Igloo: 14357618 Jungle: 14357619 Swamp: 14357620 Monument: 10387313Ocean: 14357621 Shipwreck: 165745295 Slime: 987234911
[22:35:47] [Server thread/INFO]: Experience Merge Radius: 3.0
[22:35:47] [Server thread/INFO]: Entity Activation Range: An 32 / Mo 32 / Ra 48 / Mi 16 / Tiv true
[22:35:47] [Server thread/INFO]: Cactus Growth Modifier: 100%
[22:35:47] [Server thread/INFO]: Cane Growth Modifier: 100%
[22:35:47] [Server thread/INFO]: Melon Growth Modifier: 100%
[22:35:47] [Server thread/INFO]: Mushroom Growth Modifier: 100%
[22:35:47] [Server thread/INFO]: Pumpkin Growth Modifier: 100%
[22:35:47] [Server thread/INFO]: Sapling Growth Modifier: 100%
[22:35:47] [Server thread/INFO]: Beetroot Growth Modifier: 100%
[22:35:47] [Server thread/INFO]: Carrot Growth Modifier: 100%
[22:35:47] [Server thread/INFO]: Potato Growth Modifier: 100%
[22:35:47] [Server thread/INFO]: Wheat Growth Modifier: 100%
[22:35:47] [Server thread/INFO]: NetherWart Growth Modifier: 100%
[22:35:47] [Server thread/INFO]: Vine Growth Modifier: 100%
[22:35:47] [Server thread/INFO]: Cocoa Growth Modifier: 100%
[22:35:47] [Server thread/INFO]: Bamboo Growth Modifier: 100%
[22:35:47] [Server thread/INFO]: SweetBerry Growth Modifier: 100%
[22:35:47] [Server thread/INFO]: Kelp Growth Modifier: 100%
[22:35:47] [Server thread/INFO]: Entity Tracking Range: Pl 48 / An 48 / Mo 48 / Mi 32 / Other 64
[22:35:47] [Server thread/INFO]: Hopper Transfer: 8 Hopper Check: 1 Hopper Amount: 1
[22:35:47] [Server thread/INFO]: Mob Spawn Range: 6
[22:35:47] [Server thread/INFO]: Max TNT Explosions: 100
[22:35:47] [Server thread/INFO]: Tile Max Tick Time: 50ms Entity max Tick Time: 50ms
[22:35:47] [Server thread/INFO]: -------- World Settings For [world_the_end] --------
[22:35:47] [Server thread/INFO]: View Distance: 10
[22:35:47] [Server thread/INFO]: Nerfing mobs spawned from spawners: false
[22:35:47] [Server thread/INFO]: Allow Zombie Pigmen to spawn from portal blocks: true
[22:35:47] [Server thread/INFO]: Zombie Aggressive Towards Villager: true
[22:35:47] [Server thread/INFO]: Item Merge Radius: 2.5
[22:35:47] [Server thread/INFO]: Item Despawn Rate: 6000
[22:35:47] [Server thread/INFO]: Arrow Despawn Rate: 1200
[22:35:47] [Server thread/INFO]: Custom Map Seeds:  Village: 10387312 Desert: 14357617 Igloo: 14357618 Jungle: 14357619 Swamp: 14357620 Monument: 10387313Ocean: 14357621 Shipwreck: 165745295 Slime: 987234911
[22:35:47] [Server thread/INFO]: Experience Merge Radius: 3.0
[22:35:47] [Server thread/INFO]: Entity Activation Range: An 32 / Mo 32 / Ra 48 / Mi 16 / Tiv true
[22:35:47] [Server thread/INFO]: Cactus Growth Modifier: 100%
[22:35:47] [Server thread/INFO]: Cane Growth Modifier: 100%
[22:35:47] [Server thread/INFO]: Melon Growth Modifier: 100%
[22:35:47] [Server thread/INFO]: Mushroom Growth Modifier: 100%
[22:35:47] [Server thread/INFO]: Pumpkin Growth Modifier: 100%
[22:35:47] [Server thread/INFO]: Sapling Growth Modifier: 100%
[22:35:47] [Server thread/INFO]: Beetroot Growth Modifier: 100%
[22:35:47] [Server thread/INFO]: Carrot Growth Modifier: 100%
[22:35:47] [Server thread/INFO]: Potato Growth Modifier: 100%
[22:35:47] [Server thread/INFO]: Wheat Growth Modifier: 100%
[22:35:47] [Server thread/INFO]: NetherWart Growth Modifier: 100%
[22:35:47] [Server thread/INFO]: Vine Growth Modifier: 100%
[22:35:47] [Server thread/INFO]: Cocoa Growth Modifier: 100%
[22:35:47] [Server thread/INFO]: Bamboo Growth Modifier: 100%
[22:35:47] [Server thread/INFO]: SweetBerry Growth Modifier: 100%
[22:35:47] [Server thread/INFO]: Kelp Growth Modifier: 100%
[22:35:47] [Server thread/INFO]: Entity Tracking Range: Pl 48 / An 48 / Mo 48 / Mi 32 / Other 64
[22:35:47] [Server thread/INFO]: Hopper Transfer: 8 Hopper Check: 1 Hopper Amount: 1
[22:35:47] [Server thread/INFO]: Mob Spawn Range: 6
[22:35:47] [Server thread/INFO]: Max TNT Explosions: 100
[22:35:47] [Server thread/INFO]: Tile Max Tick Time: 50ms Entity max Tick Time: 50ms
[22:35:47] [Server thread/INFO]: Preparing start region for dimension 'world'/minecraft:overworld
[22:35:47] [Server-Worker-2/INFO]: Preparing spawn area: 0%
[22:35:48] [Server-Worker-3/INFO]: Preparing spawn area: 0%
[22:35:48] [Server-Worker-3/INFO]: Preparing spawn area: 0%
[22:35:49] [Server-Worker-3/INFO]: Preparing spawn area: 0%
[22:35:49] [Server-Worker-3/INFO]: Preparing spawn area: 1%
[22:35:50] [Server-Worker-2/INFO]: Preparing spawn area: 3%
[22:35:50] [Server-Worker-1/INFO]: Preparing spawn area: 5%
[22:35:51] [Server-Worker-2/INFO]: Preparing spawn area: 7%
[22:35:51] [Server-Worker-2/INFO]: Preparing spawn area: 7%
[22:35:52] [Server-Worker-1/INFO]: Preparing spawn area: 12%
[22:35:52] [Server-Worker-2/INFO]: Preparing spawn area: 15%
[22:35:53] [Server-Worker-3/INFO]: Preparing spawn area: 15%
[22:35:53] [Server-Worker-1/INFO]: Preparing spawn area: 22%
[22:35:54] [Server-Worker-1/INFO]: Preparing spawn area: 22%
[22:35:54] [Server-Worker-2/INFO]: Preparing spawn area: 32%
[22:35:55] [Server-Worker-3/INFO]: Preparing spawn area: 32%
[22:35:55] [Server-Worker-1/INFO]: Preparing spawn area: 37%
[22:35:56] [Server-Worker-3/INFO]: Preparing spawn area: 37%
[22:35:56] [Server-Worker-1/INFO]: Preparing spawn area: 43%
[22:35:57] [Server-Worker-1/INFO]: Preparing spawn area: 45%
[22:35:58] [Server-Worker-3/INFO]: Preparing spawn area: 53%
[22:35:58] [Server-Worker-3/INFO]: Preparing spawn area: 53%
[22:35:59] [Server-Worker-2/INFO]: Preparing spawn area: 60%
[22:36:00] [Server-Worker-3/INFO]: Preparing spawn area: 68%
[22:36:00] [Server-Worker-2/INFO]: Preparing spawn area: 68%
[22:36:01] [Server-Worker-1/INFO]: Preparing spawn area: 78%
[22:36:01] [Server-Worker-3/INFO]: Preparing spawn area: 78%
[22:36:01] [Server-Worker-3/INFO]: Preparing spawn area: 78%
[22:36:01] [Server-Worker-3/INFO]: Preparing spawn area: 90%
[22:36:02] [Server-Worker-1/INFO]: Preparing spawn area: 97%
[22:36:02] [Server thread/INFO]: Time elapsed: 14718 ms
[22:36:02] [Server thread/INFO]: Preparing start region for dimension 'world_nether'/minecraft:the_nether
[22:36:02] [Server-Worker-1/INFO]: Preparing spawn area: 0%
[22:36:03] [Server-Worker-3/INFO]: Preparing spawn area: 0%
[22:36:03] [Server-Worker-3/INFO]: Preparing spawn area: 4%
[22:36:04] [Server-Worker-1/INFO]: Preparing spawn area: 11%
[22:36:04] [Server-Worker-1/INFO]: Preparing spawn area: 17%
[22:36:05] [Server-Worker-2/INFO]: Preparing spawn area: 25%
[22:36:05] [Server-Worker-1/INFO]: Preparing spawn area: 34%
[22:36:06] [Server-Worker-3/INFO]: Preparing spawn area: 37%
[22:36:06] [Server-Worker-1/INFO]: Preparing spawn area: 44%
[22:36:07] [Server-Worker-2/INFO]: Preparing spawn area: 55%
[22:36:07] [Server-Worker-1/INFO]: Preparing spawn area: 67%
[22:36:08] [Server-Worker-2/INFO]: Preparing spawn area: 79%
[22:36:08] [Server-Worker-2/INFO]: Preparing spawn area: 93%
[22:36:08] [Server thread/INFO]: Time elapsed: 6280 ms
[22:36:08] [Server thread/INFO]: Preparing start region for dimension 'world_the_end'/minecraft:the_end
[22:36:08] [Server-Worker-1/INFO]: Preparing spawn area: 0%
[22:36:09] [Server-Worker-1/INFO]: Preparing spawn area: 8%
[22:36:09] [Server-Worker-2/INFO]: Preparing spawn area: 42%
[22:36:10] [Server-Worker-1/INFO]: Preparing spawn area: 86%
[22:36:10] [Server thread/INFO]: Time elapsed: 1648 ms
[22:36:10] [Server thread/INFO]: Done (33.861s)! For help, type "help"
