[16:16:58] [Server thread/INFO]: Starting minecraft server version 1.14.4
[16:16:58] [Server thread/INFO]: Loading properties
[16:16:58] [Server console handler/ERROR]: Exception handling console input
java.io.IOException: Controlador no válido
	at java.io.FileInputStream.readBytes(Native Method) ~[?:1.8.0_291]
	at java.io.FileInputStream.read(Unknown Source) ~[?:1.8.0_291]
	at java.io.BufferedInputStream.fill(Unknown Source) ~[?:1.8.0_291]
	at java.io.BufferedInputStream.read(Unknown Source) ~[?:1.8.0_291]
	at org.bukkit.craftbukkit.libs.jline.internal.NonBlockingInputStream.read(NonBlockingInputStream.java:248) ~[spigot-1.14.4.jar:git-Spigot-9de398a-9c887d4]
	at org.bukkit.craftbukkit.libs.jline.internal.InputStreamReader.read(InputStreamReader.java:261) ~[spigot-1.14.4.jar:git-Spigot-9de398a-9c887d4]
	at org.bukkit.craftbukkit.libs.jline.internal.InputStreamReader.read(InputStreamReader.java:198) ~[spigot-1.14.4.jar:git-Spigot-9de398a-9c887d4]
	at org.bukkit.craftbukkit.libs.jline.console.ConsoleReader.readCharacter(ConsoleReader.java:2145) ~[spigot-1.14.4.jar:git-Spigot-9de398a-9c887d4]
	at org.bukkit.craftbukkit.libs.jline.console.ConsoleReader.readLineSimple(ConsoleReader.java:3183) ~[spigot-1.14.4.jar:git-Spigot-9de398a-9c887d4]
	at org.bukkit.craftbukkit.libs.jline.console.ConsoleReader.readLine(ConsoleReader.java:2333) ~[spigot-1.14.4.jar:git-Spigot-9de398a-9c887d4]
	at org.bukkit.craftbukkit.libs.jline.console.ConsoleReader.readLine(ConsoleReader.java:2269) ~[spigot-1.14.4.jar:git-Spigot-9de398a-9c887d4]
	at org.bukkit.craftbukkit.libs.jline.console.ConsoleReader.readLine(ConsoleReader.java:2257) ~[spigot-1.14.4.jar:git-Spigot-9de398a-9c887d4]
	at net.minecraft.server.v1_14_R1.DedicatedServer$2.run(DedicatedServer.java:97) [spigot-1.14.4.jar:git-Spigot-9de398a-9c887d4]
[16:16:58] [Server thread/INFO]: This server is running CraftBukkit version git-Spigot-9de398a-9c887d4 (MC: 1.14.4) (Implementing API version 1.14.4-R0.1-SNAPSHOT)
[16:16:58] [Server thread/INFO]: Debug logging is disabled
[16:16:58] [Server thread/INFO]: Using 4 threads for Netty based IO
[16:16:58] [Server thread/INFO]: Server Ping Player Sample Count: 12
[16:16:58] [Server thread/INFO]: Default game type: SURVIVAL
[16:16:58] [Server thread/INFO]: Generating keypair
[16:16:59] [Server thread/INFO]: Starting Minecraft server on 192.168.56.1:25565
[16:16:59] [Server thread/INFO]: Using default channel type
[16:17:00] [Server thread/WARN]: **** FAILED TO BIND TO PORT!
[16:17:00] [Server thread/WARN]: The exception was: java.net.BindException: Address already in use: bind
[16:17:00] [Server thread/WARN]: Perhaps a server is already running on that port?
[16:17:00] [Server thread/INFO]: Stopping server
[16:17:00] [Server thread/INFO]: Saving players
[16:17:01] [Server thread/INFO]: Saving worlds
