[16:15:32] [Server thread/INFO]: Starting minecraft server version 1.14.4
[16:15:32] [Server thread/INFO]: Loading properties
[16:15:32] [Server console handler/ERROR]: Exception handling console input
java.io.IOException: Controlador no válido
	at java.io.FileInputStream.readBytes(Native Method) ~[?:1.8.0_291]
	at java.io.FileInputStream.read(Unknown Source) ~[?:1.8.0_291]
	at java.io.BufferedInputStream.fill(Unknown Source) ~[?:1.8.0_291]
	at java.io.BufferedInputStream.read(Unknown Source) ~[?:1.8.0_291]
	at org.bukkit.craftbukkit.libs.jline.internal.NonBlockingInputStream.read(NonBlockingInputStream.java:248) ~[spigot-1.14.4.jar:git-Spigot-9de398a-9c887d4]
	at org.bukkit.craftbukkit.libs.jline.internal.InputStreamReader.read(InputStreamReader.java:261) ~[spigot-1.14.4.jar:git-Spigot-9de398a-9c887d4]
	at org.bukkit.craftbukkit.libs.jline.internal.InputStreamReader.read(InputStreamReader.java:198) ~[spigot-1.14.4.jar:git-Spigot-9de398a-9c887d4]
	at org.bukkit.craftbukkit.libs.jline.console.ConsoleReader.readCharacter(ConsoleReader.java:2145) ~[spigot-1.14.4.jar:git-Spigot-9de398a-9c887d4]
	at org.bukkit.craftbukkit.libs.jline.console.ConsoleReader.readLineSimple(ConsoleReader.java:3183) ~[spigot-1.14.4.jar:git-Spigot-9de398a-9c887d4]
	at org.bukkit.craftbukkit.libs.jline.console.ConsoleReader.readLine(ConsoleReader.java:2333) ~[spigot-1.14.4.jar:git-Spigot-9de398a-9c887d4]
	at org.bukkit.craftbukkit.libs.jline.console.ConsoleReader.readLine(ConsoleReader.java:2269) ~[spigot-1.14.4.jar:git-Spigot-9de398a-9c887d4]
	at org.bukkit.craftbukkit.libs.jline.console.ConsoleReader.readLine(ConsoleReader.java:2257) ~[spigot-1.14.4.jar:git-Spigot-9de398a-9c887d4]
	at net.minecraft.server.v1_14_R1.DedicatedServer$2.run(DedicatedServer.java:97) [spigot-1.14.4.jar:git-Spigot-9de398a-9c887d4]
[16:15:33] [Server thread/INFO]: This server is running CraftBukkit version git-Spigot-9de398a-9c887d4 (MC: 1.14.4) (Implementing API version 1.14.4-R0.1-SNAPSHOT)
[16:15:33] [Server thread/INFO]: Debug logging is disabled
[16:15:33] [Server thread/INFO]: Server Ping Player Sample Count: 12
[16:15:33] [Server thread/INFO]: Using 4 threads for Netty based IO
[16:15:33] [Server thread/INFO]: Default game type: SURVIVAL
[16:15:33] [Server thread/INFO]: Generating keypair
[16:15:33] [Server thread/INFO]: Starting Minecraft server on 192.168.56.1:25565
[16:15:33] [Server thread/INFO]: Using default channel type
[16:15:34] [Server thread/WARN]: **** SERVER IS RUNNING IN OFFLINE/INSECURE MODE!
[16:15:34] [Server thread/WARN]: The server will make no attempt to authenticate usernames. Beware.
[16:15:34] [Server thread/WARN]: While this makes the game possible to play without internet access, it also opens up the ability for hackers to connect with any username they choose.
[16:15:34] [Server thread/WARN]: To change this, set "online-mode" to "true" in the server.properties file.
[16:15:34] [Server thread/INFO]: Preparing level "world"
[16:15:35] [Server thread/INFO]: Reloading ResourceManager: Default, bukkit
[16:15:36] [Server thread/INFO]: Loaded 6 recipes
[16:15:37] [Server thread/INFO]: -------- World Settings For [world] --------
[16:15:37] [Server thread/INFO]: View Distance: 10
[16:15:37] [Server thread/INFO]: Nerfing mobs spawned from spawners: false
[16:15:37] [Server thread/INFO]: Item Despawn Rate: 6000
[16:15:37] [Server thread/INFO]: Item Merge Radius: 2.5
[16:15:37] [Server thread/INFO]: Allow Zombie Pigmen to spawn from portal blocks: true
[16:15:37] [Server thread/INFO]: Arrow Despawn Rate: 1200
[16:15:37] [Server thread/INFO]: Zombie Aggressive Towards Villager: true
[16:15:37] [Server thread/INFO]: Custom Map Seeds:  Village: 10387312 Desert: 14357617 Igloo: 14357618 Jungle: 14357619 Swamp: 14357620 Monument: 10387313Ocean: 14357621 Shipwreck: 165745295 Slime: 987234911
[16:15:37] [Server thread/INFO]: Experience Merge Radius: 3.0
[16:15:37] [Server thread/INFO]: Mob Spawn Range: 6
[16:15:37] [Server thread/INFO]: Cactus Growth Modifier: 100%
[16:15:37] [Server thread/INFO]: Cane Growth Modifier: 100%
[16:15:37] [Server thread/INFO]: Melon Growth Modifier: 100%
[16:15:37] [Server thread/INFO]: Mushroom Growth Modifier: 100%
[16:15:37] [Server thread/INFO]: Pumpkin Growth Modifier: 100%
[16:15:37] [Server thread/INFO]: Sapling Growth Modifier: 100%
[16:15:37] [Server thread/INFO]: Beetroot Growth Modifier: 100%
[16:15:37] [Server thread/INFO]: Carrot Growth Modifier: 100%
[16:15:37] [Server thread/INFO]: Potato Growth Modifier: 100%
[16:15:37] [Server thread/INFO]: Wheat Growth Modifier: 100%
[16:15:37] [Server thread/INFO]: NetherWart Growth Modifier: 100%
[16:15:37] [Server thread/INFO]: Vine Growth Modifier: 100%
[16:15:37] [Server thread/INFO]: Cocoa Growth Modifier: 100%
[16:15:37] [Server thread/INFO]: Bamboo Growth Modifier: 100%
[16:15:37] [Server thread/INFO]: SweetBerry Growth Modifier: 100%
[16:15:37] [Server thread/INFO]: Kelp Growth Modifier: 100%
[16:15:37] [Server thread/INFO]: Entity Activation Range: An 32 / Mo 32 / Ra 48 / Mi 16 / Tiv true
[16:15:37] [Server thread/INFO]: Hopper Transfer: 8 Hopper Check: 1 Hopper Amount: 1
[16:15:37] [Server thread/INFO]: Entity Tracking Range: Pl 48 / An 48 / Mo 48 / Mi 32 / Other 64
[16:15:37] [Server thread/INFO]: Max TNT Explosions: 100
[16:15:37] [Server thread/INFO]: Tile Max Tick Time: 50ms Entity max Tick Time: 50ms
[16:15:37] [Server thread/INFO]: -------- World Settings For [world_nether] --------
[16:15:37] [Server thread/INFO]: View Distance: 10
[16:15:37] [Server thread/INFO]: Nerfing mobs spawned from spawners: false
[16:15:37] [Server thread/INFO]: Item Despawn Rate: 6000
[16:15:37] [Server thread/INFO]: Item Merge Radius: 2.5
[16:15:37] [Server thread/INFO]: Allow Zombie Pigmen to spawn from portal blocks: true
[16:15:37] [Server thread/INFO]: Arrow Despawn Rate: 1200
[16:15:37] [Server thread/INFO]: Zombie Aggressive Towards Villager: true
[16:15:37] [Server thread/INFO]: Custom Map Seeds:  Village: 10387312 Desert: 14357617 Igloo: 14357618 Jungle: 14357619 Swamp: 14357620 Monument: 10387313Ocean: 14357621 Shipwreck: 165745295 Slime: 987234911
[16:15:37] [Server thread/INFO]: Experience Merge Radius: 3.0
[16:15:37] [Server thread/INFO]: Mob Spawn Range: 6
[16:15:37] [Server thread/INFO]: Cactus Growth Modifier: 100%
[16:15:37] [Server thread/INFO]: Cane Growth Modifier: 100%
[16:15:37] [Server thread/INFO]: Melon Growth Modifier: 100%
[16:15:37] [Server thread/INFO]: Mushroom Growth Modifier: 100%
[16:15:37] [Server thread/INFO]: Pumpkin Growth Modifier: 100%
[16:15:37] [Server thread/INFO]: Sapling Growth Modifier: 100%
[16:15:37] [Server thread/INFO]: Beetroot Growth Modifier: 100%
[16:15:37] [Server thread/INFO]: Carrot Growth Modifier: 100%
[16:15:37] [Server thread/INFO]: Potato Growth Modifier: 100%
[16:15:37] [Server thread/INFO]: Wheat Growth Modifier: 100%
[16:15:37] [Server thread/INFO]: NetherWart Growth Modifier: 100%
[16:15:37] [Server thread/INFO]: Vine Growth Modifier: 100%
[16:15:37] [Server thread/INFO]: Cocoa Growth Modifier: 100%
[16:15:37] [Server thread/INFO]: Bamboo Growth Modifier: 100%
[16:15:37] [Server thread/INFO]: SweetBerry Growth Modifier: 100%
[16:15:37] [Server thread/INFO]: Kelp Growth Modifier: 100%
[16:15:37] [Server thread/INFO]: Entity Activation Range: An 32 / Mo 32 / Ra 48 / Mi 16 / Tiv true
[16:15:37] [Server thread/INFO]: Hopper Transfer: 8 Hopper Check: 1 Hopper Amount: 1
[16:15:37] [Server thread/INFO]: Entity Tracking Range: Pl 48 / An 48 / Mo 48 / Mi 32 / Other 64
[16:15:37] [Server thread/INFO]: Max TNT Explosions: 100
[16:15:37] [Server thread/INFO]: Tile Max Tick Time: 50ms Entity max Tick Time: 50ms
[16:15:38] [Server thread/INFO]: -------- World Settings For [world_the_end] --------
[16:15:38] [Server thread/INFO]: View Distance: 10
[16:15:38] [Server thread/INFO]: Nerfing mobs spawned from spawners: false
[16:15:38] [Server thread/INFO]: Item Despawn Rate: 6000
[16:15:38] [Server thread/INFO]: Item Merge Radius: 2.5
[16:15:38] [Server thread/INFO]: Allow Zombie Pigmen to spawn from portal blocks: true
[16:15:38] [Server thread/INFO]: Arrow Despawn Rate: 1200
[16:15:38] [Server thread/INFO]: Zombie Aggressive Towards Villager: true
[16:15:38] [Server thread/INFO]: Custom Map Seeds:  Village: 10387312 Desert: 14357617 Igloo: 14357618 Jungle: 14357619 Swamp: 14357620 Monument: 10387313Ocean: 14357621 Shipwreck: 165745295 Slime: 987234911
[16:15:38] [Server thread/INFO]: Experience Merge Radius: 3.0
[16:15:38] [Server thread/INFO]: Mob Spawn Range: 6
[16:15:38] [Server thread/INFO]: Cactus Growth Modifier: 100%
[16:15:38] [Server thread/INFO]: Cane Growth Modifier: 100%
[16:15:38] [Server thread/INFO]: Melon Growth Modifier: 100%
[16:15:38] [Server thread/INFO]: Mushroom Growth Modifier: 100%
[16:15:38] [Server thread/INFO]: Pumpkin Growth Modifier: 100%
[16:15:38] [Server thread/INFO]: Sapling Growth Modifier: 100%
[16:15:38] [Server thread/INFO]: Beetroot Growth Modifier: 100%
[16:15:38] [Server thread/INFO]: Carrot Growth Modifier: 100%
[16:15:38] [Server thread/INFO]: Potato Growth Modifier: 100%
[16:15:38] [Server thread/INFO]: Wheat Growth Modifier: 100%
[16:15:38] [Server thread/INFO]: NetherWart Growth Modifier: 100%
[16:15:38] [Server thread/INFO]: Vine Growth Modifier: 100%
[16:15:38] [Server thread/INFO]: Cocoa Growth Modifier: 100%
[16:15:38] [Server thread/INFO]: Bamboo Growth Modifier: 100%
[16:15:38] [Server thread/INFO]: SweetBerry Growth Modifier: 100%
[16:15:38] [Server thread/INFO]: Kelp Growth Modifier: 100%
[16:15:38] [Server thread/INFO]: Entity Activation Range: An 32 / Mo 32 / Ra 48 / Mi 16 / Tiv true
[16:15:38] [Server thread/INFO]: Hopper Transfer: 8 Hopper Check: 1 Hopper Amount: 1
[16:15:38] [Server thread/INFO]: Entity Tracking Range: Pl 48 / An 48 / Mo 48 / Mi 32 / Other 64
[16:15:38] [Server thread/INFO]: Max TNT Explosions: 100
[16:15:38] [Server thread/INFO]: Tile Max Tick Time: 50ms Entity max Tick Time: 50ms
[16:15:38] [Server thread/INFO]: Preparing start region for dimension 'world'/minecraft:overworld
[16:15:42] [Server thread/INFO]: Preparing spawn area: 0%
[16:15:42] [Server thread/INFO]: Preparing spawn area: 0%
[16:15:42] [Server thread/INFO]: Preparing spawn area: 0%
[16:15:42] [Server thread/INFO]: Preparing spawn area: 0%
[16:15:42] [Server thread/INFO]: Preparing spawn area: 0%
[16:15:42] [Server thread/INFO]: Preparing spawn area: 0%
[16:15:42] [Server thread/INFO]: Preparing spawn area: 0%
[16:15:42] [Server thread/INFO]: Preparing spawn area: 0%
[16:15:42] [Server thread/INFO]: Preparing spawn area: 0%
[16:15:42] [Server thread/INFO]: Preparing spawn area: 0%
[16:15:43] [Server thread/INFO]: Preparing spawn area: 0%
[16:15:48] [Server-Worker-1/INFO]: Preparing spawn area: 0%
[16:15:48] [Server-Worker-1/INFO]: Preparing spawn area: 0%
[16:15:48] [Server-Worker-1/INFO]: Preparing spawn area: 0%
[16:15:48] [Server-Worker-3/INFO]: Preparing spawn area: 0%
[16:15:48] [Server-Worker-3/INFO]: Preparing spawn area: 0%
[16:15:48] [Server-Worker-3/INFO]: Preparing spawn area: 0%
[16:15:48] [Server-Worker-3/INFO]: Preparing spawn area: 0%
[16:15:48] [Server-Worker-3/INFO]: Preparing spawn area: 0%
[16:15:48] [Server-Worker-3/INFO]: Preparing spawn area: 0%
[16:15:48] [Server-Worker-3/INFO]: Preparing spawn area: 0%
[16:15:48] [Server thread/INFO]: Preparing spawn area: 0%
[16:15:49] [Server thread/INFO]: Preparing spawn area: 10%
[16:15:49] [Server thread/INFO]: Time elapsed: 11729 ms
[16:15:49] [Server thread/INFO]: Preparing start region for dimension 'world_nether'/minecraft:the_nether
[16:15:51] [Server thread/INFO]: Preparing spawn area: 0%
[16:15:51] [Server thread/INFO]: Preparing spawn area: 0%
[16:15:51] [Server thread/INFO]: Preparing spawn area: 0%
[16:15:51] [Server-Worker-3/INFO]: Preparing spawn area: 83%
[16:15:51] [Server-Worker-3/INFO]: Preparing spawn area: 83%
[16:15:52] [Server-Worker-1/INFO]: Preparing spawn area: 83%
[16:15:52] [Server-Worker-1/INFO]: Preparing spawn area: 85%
[16:15:53] [Server thread/INFO]: Time elapsed: 3491 ms
[16:15:53] [Server thread/INFO]: Preparing start region for dimension 'world_the_end'/minecraft:the_end
[16:15:54] [Server thread/INFO]: Preparing spawn area: 0%
[16:15:54] [Server thread/INFO]: Preparing spawn area: 0%
[16:15:54] [Server-Worker-1/INFO]: Preparing spawn area: 90%
[16:15:54] [Server-Worker-3/INFO]: Preparing spawn area: 90%
[16:15:55] [Server thread/INFO]: Time elapsed: 1642 ms
[16:15:55] [Server thread/INFO]: Server permissions file permissions.yml is empty, ignoring it
[16:15:55] [Server thread/INFO]: Done (20.232s)! For help, type "help"
