[22:14:22] [Server thread/INFO]: Starting minecraft server version 1.14.4
[22:14:22] [Server thread/INFO]: Loading properties
[22:14:22] [Server thread/INFO]: This server is running CraftBukkit version git-Spigot-9de398a-9c887d4 (MC: 1.14.4) (Implementing API version 1.14.4-R0.1-SNAPSHOT)
[22:14:22] [Server thread/INFO]: Debug logging is disabled
[22:14:22] [Server thread/INFO]: Using 4 threads for Netty based IO
[22:14:22] [Server thread/INFO]: Server Ping Player Sample Count: 12
[22:14:22] [Server thread/INFO]: Default game type: SURVIVAL
[22:14:22] [Server thread/INFO]: Generating keypair
[22:14:23] [Server thread/INFO]: Starting Minecraft server on 192.168.1.102:25565
[22:14:23] [Server thread/INFO]: Using default channel type
[22:14:24] [Server thread/WARN]: **** SERVER IS RUNNING IN OFFLINE/INSECURE MODE!
[22:14:24] [Server thread/WARN]: The server will make no attempt to authenticate usernames. Beware.
[22:14:24] [Server thread/WARN]: While this makes the game possible to play without internet access, it also opens up the ability for hackers to connect with any username they choose.
[22:14:24] [Server thread/WARN]: To change this, set "online-mode" to "true" in the server.properties file.
[22:14:24] [Server thread/INFO]: Preparing level "world"
[22:14:24] [Server thread/INFO]: Reloading ResourceManager: Default, bukkit
[22:14:25] [Server thread/INFO]: Loaded 6 recipes
[22:14:26] [Server thread/INFO]: -------- World Settings For [world] --------
[22:14:26] [Server thread/INFO]: View Distance: 10
[22:14:26] [Server thread/INFO]: Nerfing mobs spawned from spawners: false
[22:14:26] [Server thread/INFO]: Item Despawn Rate: 6000
[22:14:26] [Server thread/INFO]: Item Merge Radius: 2.5
[22:14:26] [Server thread/INFO]: Arrow Despawn Rate: 1200
[22:14:26] [Server thread/INFO]: Allow Zombie Pigmen to spawn from portal blocks: true
[22:14:26] [Server thread/INFO]: Experience Merge Radius: 3.0
[22:14:26] [Server thread/INFO]: Cactus Growth Modifier: 100%
[22:14:26] [Server thread/INFO]: Cane Growth Modifier: 100%
[22:14:26] [Server thread/INFO]: Melon Growth Modifier: 100%
[22:14:26] [Server thread/INFO]: Mushroom Growth Modifier: 100%
[22:14:26] [Server thread/INFO]: Pumpkin Growth Modifier: 100%
[22:14:26] [Server thread/INFO]: Sapling Growth Modifier: 100%
[22:14:26] [Server thread/INFO]: Beetroot Growth Modifier: 100%
[22:14:26] [Server thread/INFO]: Carrot Growth Modifier: 100%
[22:14:26] [Server thread/INFO]: Potato Growth Modifier: 100%
[22:14:26] [Server thread/INFO]: Wheat Growth Modifier: 100%
[22:14:26] [Server thread/INFO]: NetherWart Growth Modifier: 100%
[22:14:26] [Server thread/INFO]: Vine Growth Modifier: 100%
[22:14:26] [Server thread/INFO]: Cocoa Growth Modifier: 100%
[22:14:26] [Server thread/INFO]: Bamboo Growth Modifier: 100%
[22:14:26] [Server thread/INFO]: SweetBerry Growth Modifier: 100%
[22:14:26] [Server thread/INFO]: Kelp Growth Modifier: 100%
[22:14:26] [Server thread/INFO]: Entity Activation Range: An 32 / Mo 32 / Ra 48 / Mi 16 / Tiv true
[22:14:26] [Server thread/INFO]: Mob Spawn Range: 6
[22:14:26] [Server thread/INFO]: Max TNT Explosions: 100
[22:14:26] [Server thread/INFO]: Hopper Transfer: 8 Hopper Check: 1 Hopper Amount: 1
[22:14:26] [Server thread/INFO]: Tile Max Tick Time: 50ms Entity max Tick Time: 50ms
[22:14:26] [Server thread/INFO]: Entity Tracking Range: Pl 48 / An 48 / Mo 48 / Mi 32 / Other 64
[22:14:26] [Server thread/INFO]: Zombie Aggressive Towards Villager: true
[22:14:26] [Server thread/INFO]: Custom Map Seeds:  Village: 10387312 Desert: 14357617 Igloo: 14357618 Jungle: 14357619 Swamp: 14357620 Monument: 10387313Ocean: 14357621 Shipwreck: 165745295 Slime: 987234911
[22:14:26] [Server thread/INFO]: -------- World Settings For [world_nether] --------
[22:14:26] [Server thread/INFO]: View Distance: 10
[22:14:26] [Server thread/INFO]: Nerfing mobs spawned from spawners: false
[22:14:26] [Server thread/INFO]: Item Despawn Rate: 6000
[22:14:26] [Server thread/INFO]: Item Merge Radius: 2.5
[22:14:26] [Server thread/INFO]: Arrow Despawn Rate: 1200
[22:14:26] [Server thread/INFO]: Allow Zombie Pigmen to spawn from portal blocks: true
[22:14:26] [Server thread/INFO]: Experience Merge Radius: 3.0
[22:14:26] [Server thread/INFO]: Cactus Growth Modifier: 100%
[22:14:26] [Server thread/INFO]: Cane Growth Modifier: 100%
[22:14:26] [Server thread/INFO]: Melon Growth Modifier: 100%
[22:14:26] [Server thread/INFO]: Mushroom Growth Modifier: 100%
[22:14:26] [Server thread/INFO]: Pumpkin Growth Modifier: 100%
[22:14:26] [Server thread/INFO]: Sapling Growth Modifier: 100%
[22:14:26] [Server thread/INFO]: Beetroot Growth Modifier: 100%
[22:14:26] [Server thread/INFO]: Carrot Growth Modifier: 100%
[22:14:26] [Server thread/INFO]: Potato Growth Modifier: 100%
[22:14:26] [Server thread/INFO]: Wheat Growth Modifier: 100%
[22:14:26] [Server thread/INFO]: NetherWart Growth Modifier: 100%
[22:14:26] [Server thread/INFO]: Vine Growth Modifier: 100%
[22:14:26] [Server thread/INFO]: Cocoa Growth Modifier: 100%
[22:14:26] [Server thread/INFO]: Bamboo Growth Modifier: 100%
[22:14:26] [Server thread/INFO]: SweetBerry Growth Modifier: 100%
[22:14:26] [Server thread/INFO]: Kelp Growth Modifier: 100%
[22:14:26] [Server thread/INFO]: Entity Activation Range: An 32 / Mo 32 / Ra 48 / Mi 16 / Tiv true
[22:14:26] [Server thread/INFO]: Mob Spawn Range: 6
[22:14:26] [Server thread/INFO]: Max TNT Explosions: 100
[22:14:26] [Server thread/INFO]: Hopper Transfer: 8 Hopper Check: 1 Hopper Amount: 1
[22:14:26] [Server thread/INFO]: Tile Max Tick Time: 50ms Entity max Tick Time: 50ms
[22:14:26] [Server thread/INFO]: Entity Tracking Range: Pl 48 / An 48 / Mo 48 / Mi 32 / Other 64
[22:14:26] [Server thread/INFO]: Zombie Aggressive Towards Villager: true
[22:14:26] [Server thread/INFO]: Custom Map Seeds:  Village: 10387312 Desert: 14357617 Igloo: 14357618 Jungle: 14357619 Swamp: 14357620 Monument: 10387313Ocean: 14357621 Shipwreck: 165745295 Slime: 987234911
[22:14:32] [Server thread/INFO]: -------- World Settings For [world_the_end] --------
[22:14:32] [Server thread/INFO]: View Distance: 10
[22:14:32] [Server thread/INFO]: Nerfing mobs spawned from spawners: false
[22:14:32] [Server thread/INFO]: Item Despawn Rate: 6000
[22:14:32] [Server thread/INFO]: Item Merge Radius: 2.5
[22:14:32] [Server thread/INFO]: Arrow Despawn Rate: 1200
[22:14:32] [Server thread/INFO]: Allow Zombie Pigmen to spawn from portal blocks: true
[22:14:32] [Server thread/INFO]: Experience Merge Radius: 3.0
[22:14:32] [Server thread/INFO]: Cactus Growth Modifier: 100%
[22:14:32] [Server thread/INFO]: Cane Growth Modifier: 100%
[22:14:32] [Server thread/INFO]: Melon Growth Modifier: 100%
[22:14:32] [Server thread/INFO]: Mushroom Growth Modifier: 100%
[22:14:32] [Server thread/INFO]: Pumpkin Growth Modifier: 100%
[22:14:32] [Server thread/INFO]: Sapling Growth Modifier: 100%
[22:14:32] [Server thread/INFO]: Beetroot Growth Modifier: 100%
[22:14:32] [Server thread/INFO]: Carrot Growth Modifier: 100%
[22:14:32] [Server thread/INFO]: Potato Growth Modifier: 100%
[22:14:32] [Server thread/INFO]: Wheat Growth Modifier: 100%
[22:14:32] [Server thread/INFO]: NetherWart Growth Modifier: 100%
[22:14:32] [Server thread/INFO]: Vine Growth Modifier: 100%
[22:14:32] [Server thread/INFO]: Cocoa Growth Modifier: 100%
[22:14:32] [Server thread/INFO]: Bamboo Growth Modifier: 100%
[22:14:32] [Server thread/INFO]: SweetBerry Growth Modifier: 100%
[22:14:32] [Server thread/INFO]: Kelp Growth Modifier: 100%
[22:14:32] [Server thread/INFO]: Entity Activation Range: An 32 / Mo 32 / Ra 48 / Mi 16 / Tiv true
[22:14:32] [Server thread/INFO]: Mob Spawn Range: 6
[22:14:32] [Server thread/INFO]: Max TNT Explosions: 100
[22:14:32] [Server thread/INFO]: Hopper Transfer: 8 Hopper Check: 1 Hopper Amount: 1
[22:14:32] [Server thread/INFO]: Tile Max Tick Time: 50ms Entity max Tick Time: 50ms
[22:14:32] [Server thread/INFO]: Entity Tracking Range: Pl 48 / An 48 / Mo 48 / Mi 32 / Other 64
[22:14:32] [Server thread/INFO]: Zombie Aggressive Towards Villager: true
[22:14:32] [Server thread/INFO]: Custom Map Seeds:  Village: 10387312 Desert: 14357617 Igloo: 14357618 Jungle: 14357619 Swamp: 14357620 Monument: 10387313Ocean: 14357621 Shipwreck: 165745295 Slime: 987234911
[22:14:32] [Server thread/INFO]: Preparing start region for dimension 'world'/minecraft:overworld
[22:14:34] [Server thread/INFO]: Preparing spawn area: 0%
[22:14:34] [Server thread/INFO]: Preparing spawn area: 0%
[22:14:34] [Server thread/INFO]: Preparing spawn area: 0%
[22:14:34] [Server thread/INFO]: Preparing spawn area: 0%
[22:14:34] [Server-Worker-1/INFO]: Preparing spawn area: 0%
[22:14:37] [Server-Worker-2/INFO]: Preparing spawn area: 83%
[22:14:37] [Server-Worker-3/INFO]: Preparing spawn area: 83%
[22:14:37] [Server-Worker-3/INFO]: Preparing spawn area: 83%
[22:14:37] [Server-Worker-3/INFO]: Preparing spawn area: 83%
[22:14:37] [Server-Worker-3/INFO]: Preparing spawn area: 83%
[22:14:37] [Server-Worker-3/INFO]: Preparing spawn area: 83%
[22:14:38] [Server-Worker-3/INFO]: Preparing spawn area: 95%
[22:14:38] [Server-Worker-2/INFO]: Preparing spawn area: 95%
[22:14:38] [Server-Worker-3/INFO]: Preparing spawn area: 95%
[22:14:39] [Server-Worker-1/INFO]: Preparing spawn area: 95%
[22:14:39] [Server-Worker-2/INFO]: Preparing spawn area: 96%
[22:14:40] [Server thread/INFO]: Preparing spawn area: 99%
[22:14:40] [Server thread/INFO]: Time elapsed: 8037 ms
[22:14:40] [Server thread/INFO]: Preparing start region for dimension 'world_nether'/minecraft:the_nether
[22:14:41] [Server thread/INFO]: Preparing spawn area: 0%
[22:14:41] [Server thread/INFO]: Preparing spawn area: 0%
[22:14:41] [Server-Worker-1/INFO]: Preparing spawn area: 83%
[22:14:41] [Server-Worker-1/INFO]: Preparing spawn area: 83%
[22:14:42] [Server-Worker-2/INFO]: Preparing spawn area: 88%
[22:14:43] [Server-Worker-2/INFO]: Preparing spawn area: 96%
[22:14:43] [Server-Worker-2/INFO]: Preparing spawn area: 96%
[22:14:43] [Server thread/INFO]: Time elapsed: 3184 ms
[22:14:43] [Server thread/INFO]: Preparing start region for dimension 'world_the_end'/minecraft:the_end
[22:14:43] [Server thread/INFO]: Preparing spawn area: 0%
[22:14:44] [Server-Worker-2/INFO]: Preparing spawn area: 83%
[22:14:44] [Server thread/INFO]: Time elapsed: 974 ms
[22:14:44] [Server thread/INFO]: Server permissions file permissions.yml is empty, ignoring it
[22:14:44] [Server thread/INFO]: Done (20.167s)! For help, type "help"
[22:21:23] [Server thread/INFO]: Stopping the server
[22:21:23] [Server thread/INFO]: Stopping server
[22:21:23] [Server thread/INFO]: Saving players
[22:21:24] [Server thread/INFO]: Saving worlds
[22:21:24] [Server thread/INFO]: Saving chunks for level 'world'/minecraft:overworld
[22:21:24] [Server thread/INFO]: ThreadedAnvilChunkStorage (world): All chunks are saved
[22:21:24] [Server thread/INFO]: Saving chunks for level 'world_nether'/minecraft:the_nether
[22:21:24] [Server thread/INFO]: ThreadedAnvilChunkStorage (DIM-1): All chunks are saved
[22:21:24] [Server thread/INFO]: Saving chunks for level 'world_the_end'/minecraft:the_end
[22:21:24] [Server thread/INFO]: ThreadedAnvilChunkStorage (DIM1): All chunks are saved
[22:21:24] [Server thread/INFO]: ThreadedAnvilChunkStorage (world): All chunks are saved
[22:21:24] [Server thread/INFO]: ThreadedAnvilChunkStorage (DIM-1): All chunks are saved
[22:21:24] [Server thread/INFO]: ThreadedAnvilChunkStorage (DIM1): All chunks are saved
